<?xml version="1.0" encoding="UTF-8"?>
<!-- Generated by org.testng.reporters.JUnitReportReporter -->
<testsuite hostname="LAPTOP-9GT25MGM" failures="0" tests="2" name="test.LoginTest" time="22.456" errors="0" timestamp="03 Nov 2023 02:29:12 GMT" skipped="0">
  <testcase classname="test.LoginTest" name="invalidUserName" time="10.966"/>
  <testcase classname="test.LoginTest" name="invalidPass" time="11.490"/>
</testsuite> <!-- test.LoginTest -->
